2024-05-23 08:32:17 - Starting Practice24Application using Java 20.0.2 with PID 28804 (C:\Users\oniwi\IdeaProjects\JavaTemplates\Practice_24\build\classes\java\main started by oniwi in C:\Users\oniwi\IdeaProjects\JavaTemplates\Practice_24)
2024-05-23 08:32:17 - No active profile set, falling back to 1 default profile: "default"
2024-05-23 08:32:18 - Bootstrapping Spring Data JPA repositories in DEFAULT mode.
2024-05-23 08:32:18 - Finished Spring Data repository scanning in 149 ms. Found 2 JPA repository interfaces.
2024-05-23 08:32:19 - Tomcat initialized with port 8080 (http)
2024-05-23 08:32:19 - Starting service [Tomcat]
2024-05-23 08:32:19 - Starting Servlet engine: [Apache Tomcat/10.1.20]
2024-05-23 08:32:19 - Initializing Spring embedded WebApplicationContext
2024-05-23 08:32:19 - Root WebApplicationContext: initialization completed in 1374 ms
2024-05-23 08:32:19 - HikariPool-1 - Starting...
2024-05-23 08:32:19 - HikariPool-1 - Added connection org.postgresql.jdbc.PgConnection@39c87b42
2024-05-23 08:32:19 - HikariPool-1 - Start completed.
2024-05-23 08:32:19 - HHH000204: Processing PersistenceUnitInfo [name: default]
2024-05-23 08:32:19 - HHH000412: Hibernate ORM core version 6.4.4.Final
2024-05-23 08:32:19 - HHH000026: Second-level cache disabled
2024-05-23 08:32:19 - No LoadTimeWeaver setup: ignoring JPA class transformer
2024-05-23 08:32:20 - HHH90000025: PostgreSQLDialect does not need to be specified explicitly using 'hibernate.dialect' (remove the property setting and it will be selected by default)
2024-05-23 08:32:20 - HHH000489: No JTA platform available (set 'hibernate.transaction.jta.platform' to enable JTA platform integration)
2024-05-23 08:32:20 - Initialized JPA EntityManagerFactory for persistence unit 'default'
2024-05-23 08:32:21 - Informational log
2024-05-23 08:32:21 - Warning log
2024-05-23 08:32:21 - Error log
2024-05-23 08:32:21 - Entering UniversityServiceImpl constructor
2024-05-23 08:32:21 - Exiting UniversityServiceImpl constructor
2024-05-23 08:32:21 - spring.jpa.open-in-view is enabled by default. Therefore, database queries may be performed during view rendering. Explicitly configure spring.jpa.open-in-view to disable this warning
2024-05-23 08:32:21 - Tomcat started on port 8080 (http) with context path ''
2024-05-23 08:32:21 - Started Practice24Application in 4.169 seconds (process running for 5.113)
