2024-05-23 06:55:45 - Starting Practice22Application using Java 20.0.2 with PID 30972 (C:\Users\oniwi\IdeaProjects\JavaTemplates\Practice_22\build\classes\java\main started by oniwi in C:\Users\oniwi\IdeaProjects\JavaTemplates\Practice_22)
2024-05-23 06:55:45 - No active profile set, falling back to 1 default profile: "default"
2024-05-23 06:55:46 - Bootstrapping Spring Data JPA repositories in DEFAULT mode.
2024-05-23 06:55:46 - Finished Spring Data repository scanning in 150 ms. Found 2 JPA repository interfaces.
2024-05-23 06:55:47 - Tomcat initialized with port 8080 (http)
2024-05-23 06:55:47 - Starting service [Tomcat]
2024-05-23 06:55:47 - Starting Servlet engine: [Apache Tomcat/10.1.20]
2024-05-23 06:55:47 - Initializing Spring embedded WebApplicationContext
2024-05-23 06:55:47 - Root WebApplicationContext: initialization completed in 1624 ms
2024-05-23 06:55:47 - HikariPool-1 - Starting...
2024-05-23 06:55:47 - HikariPool-1 - Added connection org.postgresql.jdbc.PgConnection@611c3eae
2024-05-23 06:55:47 - HikariPool-1 - Start completed.
2024-05-23 06:55:47 - HHH000204: Processing PersistenceUnitInfo [name: default]
2024-05-23 06:55:47 - HHH000412: Hibernate ORM core version 6.4.4.Final
2024-05-23 06:55:47 - HHH000026: Second-level cache disabled
2024-05-23 06:55:48 - No LoadTimeWeaver setup: ignoring JPA class transformer
2024-05-23 06:55:48 - HHH90000025: PostgreSQLDialect does not need to be specified explicitly using 'hibernate.dialect' (remove the property setting and it will be selected by default)
2024-05-23 06:55:49 - HHH000489: No JTA platform available (set 'hibernate.transaction.jta.platform' to enable JTA platform integration)
2024-05-23 06:55:49 - Initialized JPA EntityManagerFactory for persistence unit 'default'
2024-05-23 06:55:49 - Informational log
2024-05-23 06:55:49 - Warning log
2024-05-23 06:55:49 - Error log
2024-05-23 06:55:49 - Entering UniversityServiceImpl constructor
2024-05-23 06:55:49 - Exiting UniversityServiceImpl constructor
2024-05-23 06:55:49 - spring.jpa.open-in-view is enabled by default. Therefore, database queries may be performed during view rendering. Explicitly configure spring.jpa.open-in-view to disable this warning
2024-05-23 06:55:49 - Exception encountered during context initialization - cancelling refresh attempt: java.lang.UnsupportedOperationException
2024-05-23 06:55:49 - Closing JPA EntityManagerFactory for persistence unit 'default'
2024-05-23 06:55:49 - HikariPool-1 - Shutdown initiated...
2024-05-23 06:55:49 - HikariPool-1 - Shutdown completed.
2024-05-23 06:55:49 - Stopping service [Tomcat]
2024-05-23 06:55:49 - 

Error starting ApplicationContext. To display the condition evaluation report re-run your application with 'debug' enabled.
2024-05-23 06:55:49 - Application run failed
java.lang.UnsupportedOperationException: null
	at java.base/java.util.ImmutableCollections.uoe(ImmutableCollections.java:142)
	at java.base/java.util.ImmutableCollections$AbstractImmutableMap.put(ImmutableCollections.java:1072)
	at org.springframework.jmx.export.MBeanExporter.autodetect(MBeanExporter.java:909)
	at org.springframework.jmx.export.MBeanExporter.registerBeans(MBeanExporter.java:558)
	at org.springframework.jmx.export.MBeanExporter.afterSingletonsInstantiated(MBeanExporter.java:451)
	at org.springframework.beans.factory.support.DefaultListableBeanFactory.preInstantiateSingletons(DefaultListableBeanFactory.java:986)
	at org.springframework.context.support.AbstractApplicationContext.finishBeanFactoryInitialization(AbstractApplicationContext.java:962)
	at org.springframework.context.support.AbstractApplicationContext.refresh(AbstractApplicationContext.java:624)
	at org.springframework.boot.web.servlet.context.ServletWebServerApplicationContext.refresh(ServletWebServerApplicationContext.java:146)
	at org.springframework.boot.SpringApplication.refresh(SpringApplication.java:754)
	at org.springframework.boot.SpringApplication.refreshContext(SpringApplication.java:456)
	at org.springframework.boot.SpringApplication.run(SpringApplication.java:334)
	at org.springframework.boot.SpringApplication.run(SpringApplication.java:1354)
	at org.springframework.boot.SpringApplication.run(SpringApplication.java:1343)
	at ru.mirea.Practice_22.Practice22Application.main(Practice22Application.java:10)
2024-05-23 06:58:13 - Starting Practice22Application using Java 20.0.2 with PID 32372 (C:\Users\oniwi\IdeaProjects\JavaTemplates\Practice_22\build\classes\java\main started by oniwi in C:\Users\oniwi\IdeaProjects\JavaTemplates\Practice_22)
2024-05-23 06:58:13 - No active profile set, falling back to 1 default profile: "default"
2024-05-23 06:58:13 - Bootstrapping Spring Data JPA repositories in DEFAULT mode.
2024-05-23 06:58:13 - Finished Spring Data repository scanning in 139 ms. Found 2 JPA repository interfaces.
2024-05-23 06:58:14 - Tomcat initialized with port 8080 (http)
2024-05-23 06:58:14 - Starting service [Tomcat]
2024-05-23 06:58:14 - Starting Servlet engine: [Apache Tomcat/10.1.20]
2024-05-23 06:58:14 - Initializing Spring embedded WebApplicationContext
2024-05-23 06:58:14 - Root WebApplicationContext: initialization completed in 1528 ms
2024-05-23 06:58:14 - HikariPool-1 - Starting...
2024-05-23 06:58:14 - HikariPool-1 - Added connection org.postgresql.jdbc.PgConnection@4af7dd6a
2024-05-23 06:58:14 - HikariPool-1 - Start completed.
2024-05-23 06:58:14 - HHH000204: Processing PersistenceUnitInfo [name: default]
2024-05-23 06:58:15 - HHH000412: Hibernate ORM core version 6.4.4.Final
2024-05-23 06:58:15 - HHH000026: Second-level cache disabled
2024-05-23 06:58:15 - No LoadTimeWeaver setup: ignoring JPA class transformer
2024-05-23 06:58:15 - HHH90000025: PostgreSQLDialect does not need to be specified explicitly using 'hibernate.dialect' (remove the property setting and it will be selected by default)
2024-05-23 06:58:16 - HHH000489: No JTA platform available (set 'hibernate.transaction.jta.platform' to enable JTA platform integration)
2024-05-23 06:58:16 - Initialized JPA EntityManagerFactory for persistence unit 'default'
2024-05-23 06:58:16 - Informational log
2024-05-23 06:58:16 - Warning log
2024-05-23 06:58:16 - Error log
2024-05-23 06:58:16 - Entering UniversityServiceImpl constructor
2024-05-23 06:58:16 - Exiting UniversityServiceImpl constructor
2024-05-23 06:58:16 - spring.jpa.open-in-view is enabled by default. Therefore, database queries may be performed during view rendering. Explicitly configure spring.jpa.open-in-view to disable this warning
2024-05-23 06:58:17 - Exception encountered during context initialization - cancelling refresh attempt: java.lang.UnsupportedOperationException
2024-05-23 06:58:17 - Closing JPA EntityManagerFactory for persistence unit 'default'
2024-05-23 06:58:17 - HikariPool-1 - Shutdown initiated...
2024-05-23 06:58:17 - HikariPool-1 - Shutdown completed.
2024-05-23 06:58:17 - Stopping service [Tomcat]
2024-05-23 06:58:17 - 

Error starting ApplicationContext. To display the condition evaluation report re-run your application with 'debug' enabled.
2024-05-23 06:58:17 - Application run failed
java.lang.UnsupportedOperationException: null
	at java.base/java.util.ImmutableCollections.uoe(ImmutableCollections.java:142)
	at java.base/java.util.ImmutableCollections$AbstractImmutableMap.put(ImmutableCollections.java:1072)
	at org.springframework.jmx.export.MBeanExporter.autodetect(MBeanExporter.java:909)
	at org.springframework.jmx.export.MBeanExporter.registerBeans(MBeanExporter.java:558)
	at org.springframework.jmx.export.MBeanExporter.afterSingletonsInstantiated(MBeanExporter.java:451)
	at org.springframework.beans.factory.support.DefaultListableBeanFactory.preInstantiateSingletons(DefaultListableBeanFactory.java:986)
	at org.springframework.context.support.AbstractApplicationContext.finishBeanFactoryInitialization(AbstractApplicationContext.java:962)
	at org.springframework.context.support.AbstractApplicationContext.refresh(AbstractApplicationContext.java:624)
	at org.springframework.boot.web.servlet.context.ServletWebServerApplicationContext.refresh(ServletWebServerApplicationContext.java:146)
	at org.springframework.boot.SpringApplication.refresh(SpringApplication.java:754)
	at org.springframework.boot.SpringApplication.refreshContext(SpringApplication.java:456)
	at org.springframework.boot.SpringApplication.run(SpringApplication.java:334)
	at org.springframework.boot.SpringApplication.run(SpringApplication.java:1354)
	at org.springframework.boot.SpringApplication.run(SpringApplication.java:1343)
	at ru.mirea.Practice_22.Practice22Application.main(Practice22Application.java:10)
2024-05-23 06:59:05 - Starting Practice22Application using Java 20.0.2 with PID 16768 (C:\Users\oniwi\IdeaProjects\JavaTemplates\Practice_22\build\classes\java\main started by oniwi in C:\Users\oniwi\IdeaProjects\JavaTemplates\Practice_22)
2024-05-23 06:59:05 - No active profile set, falling back to 1 default profile: "default"
2024-05-23 06:59:06 - Bootstrapping Spring Data JPA repositories in DEFAULT mode.
2024-05-23 06:59:06 - Finished Spring Data repository scanning in 140 ms. Found 2 JPA repository interfaces.
2024-05-23 06:59:07 - Tomcat initialized with port 8080 (http)
2024-05-23 06:59:07 - Starting service [Tomcat]
2024-05-23 06:59:07 - Starting Servlet engine: [Apache Tomcat/10.1.20]
2024-05-23 06:59:07 - Initializing Spring embedded WebApplicationContext
2024-05-23 06:59:07 - Root WebApplicationContext: initialization completed in 1490 ms
2024-05-23 06:59:07 - HikariPool-1 - Starting...
2024-05-23 06:59:07 - HikariPool-1 - Added connection org.postgresql.jdbc.PgConnection@177ede17
2024-05-23 06:59:07 - HikariPool-1 - Start completed.
2024-05-23 06:59:07 - HHH000204: Processing PersistenceUnitInfo [name: default]
2024-05-23 06:59:07 - HHH000412: Hibernate ORM core version 6.4.4.Final
2024-05-23 06:59:07 - HHH000026: Second-level cache disabled
2024-05-23 06:59:07 - No LoadTimeWeaver setup: ignoring JPA class transformer
2024-05-23 06:59:07 - HHH90000025: PostgreSQLDialect does not need to be specified explicitly using 'hibernate.dialect' (remove the property setting and it will be selected by default)
2024-05-23 06:59:08 - HHH000489: No JTA platform available (set 'hibernate.transaction.jta.platform' to enable JTA platform integration)
2024-05-23 06:59:08 - Initialized JPA EntityManagerFactory for persistence unit 'default'
2024-05-23 06:59:09 - Informational log
2024-05-23 06:59:09 - Warning log
2024-05-23 06:59:09 - Error log
2024-05-23 06:59:09 - Entering UniversityServiceImpl constructor
2024-05-23 06:59:09 - Exiting UniversityServiceImpl constructor
2024-05-23 06:59:09 - spring.jpa.open-in-view is enabled by default. Therefore, database queries may be performed during view rendering. Explicitly configure spring.jpa.open-in-view to disable this warning
2024-05-23 06:59:09 - Exception encountered during context initialization - cancelling refresh attempt: java.lang.UnsupportedOperationException
2024-05-23 06:59:09 - Closing JPA EntityManagerFactory for persistence unit 'default'
2024-05-23 06:59:09 - HikariPool-1 - Shutdown initiated...
2024-05-23 06:59:09 - HikariPool-1 - Shutdown completed.
2024-05-23 06:59:09 - Stopping service [Tomcat]
2024-05-23 06:59:09 - 

Error starting ApplicationContext. To display the condition evaluation report re-run your application with 'debug' enabled.
2024-05-23 06:59:09 - Application run failed
java.lang.UnsupportedOperationException: null
	at java.base/java.util.ImmutableCollections.uoe(ImmutableCollections.java:142)
	at java.base/java.util.ImmutableCollections$AbstractImmutableMap.put(ImmutableCollections.java:1072)
	at org.springframework.jmx.export.MBeanExporter.autodetect(MBeanExporter.java:909)
	at org.springframework.jmx.export.MBeanExporter.registerBeans(MBeanExporter.java:558)
	at org.springframework.jmx.export.MBeanExporter.afterSingletonsInstantiated(MBeanExporter.java:451)
	at org.springframework.beans.factory.support.DefaultListableBeanFactory.preInstantiateSingletons(DefaultListableBeanFactory.java:986)
	at org.springframework.context.support.AbstractApplicationContext.finishBeanFactoryInitialization(AbstractApplicationContext.java:962)
	at org.springframework.context.support.AbstractApplicationContext.refresh(AbstractApplicationContext.java:624)
	at org.springframework.boot.web.servlet.context.ServletWebServerApplicationContext.refresh(ServletWebServerApplicationContext.java:146)
	at org.springframework.boot.SpringApplication.refresh(SpringApplication.java:754)
	at org.springframework.boot.SpringApplication.refreshContext(SpringApplication.java:456)
	at org.springframework.boot.SpringApplication.run(SpringApplication.java:334)
	at org.springframework.boot.SpringApplication.run(SpringApplication.java:1354)
	at org.springframework.boot.SpringApplication.run(SpringApplication.java:1343)
	at ru.mirea.Practice_22.Practice22Application.main(Practice22Application.java:10)
2024-05-23 07:01:58 - Starting Practice22Application using Java 20.0.2 with PID 2248 (C:\Users\oniwi\IdeaProjects\JavaTemplates\Practice_22\build\classes\java\main started by oniwi in C:\Users\oniwi\IdeaProjects\JavaTemplates\Practice_22)
2024-05-23 07:01:58 - No active profile set, falling back to 1 default profile: "default"
2024-05-23 07:01:59 - Bootstrapping Spring Data JPA repositories in DEFAULT mode.
2024-05-23 07:01:59 - Finished Spring Data repository scanning in 142 ms. Found 2 JPA repository interfaces.
2024-05-23 07:01:59 - Tomcat initialized with port 8080 (http)
2024-05-23 07:01:59 - Starting service [Tomcat]
2024-05-23 07:01:59 - Starting Servlet engine: [Apache Tomcat/10.1.20]
2024-05-23 07:01:59 - Initializing Spring embedded WebApplicationContext
2024-05-23 07:01:59 - Root WebApplicationContext: initialization completed in 1556 ms
2024-05-23 07:02:00 - HikariPool-1 - Starting...
2024-05-23 07:02:00 - HikariPool-1 - Added connection org.postgresql.jdbc.PgConnection@57b9389f
2024-05-23 07:02:00 - HikariPool-1 - Start completed.
2024-05-23 07:02:00 - HHH000204: Processing PersistenceUnitInfo [name: default]
2024-05-23 07:02:00 - HHH000412: Hibernate ORM core version 6.4.4.Final
2024-05-23 07:02:00 - HHH000026: Second-level cache disabled
2024-05-23 07:02:00 - No LoadTimeWeaver setup: ignoring JPA class transformer
2024-05-23 07:02:00 - HHH90000025: PostgreSQLDialect does not need to be specified explicitly using 'hibernate.dialect' (remove the property setting and it will be selected by default)
2024-05-23 07:02:01 - HHH000489: No JTA platform available (set 'hibernate.transaction.jta.platform' to enable JTA platform integration)
2024-05-23 07:02:01 - Initialized JPA EntityManagerFactory for persistence unit 'default'
2024-05-23 07:02:02 - Informational log
2024-05-23 07:02:02 - Warning log
2024-05-23 07:02:02 - Error log
2024-05-23 07:02:02 - Entering UniversityServiceImpl constructor
2024-05-23 07:02:02 - Exiting UniversityServiceImpl constructor
2024-05-23 07:02:02 - spring.jpa.open-in-view is enabled by default. Therefore, database queries may be performed during view rendering. Explicitly configure spring.jpa.open-in-view to disable this warning
2024-05-23 07:02:02 - Exception encountered during context initialization - cancelling refresh attempt: java.lang.UnsupportedOperationException
2024-05-23 07:02:02 - Closing JPA EntityManagerFactory for persistence unit 'default'
2024-05-23 07:02:02 - HikariPool-1 - Shutdown initiated...
2024-05-23 07:02:02 - HikariPool-1 - Shutdown completed.
2024-05-23 07:02:02 - Stopping service [Tomcat]
2024-05-23 07:02:02 - 

Error starting ApplicationContext. To display the condition evaluation report re-run your application with 'debug' enabled.
2024-05-23 07:02:02 - Application run failed
java.lang.UnsupportedOperationException: null
	at java.base/java.util.ImmutableCollections.uoe(ImmutableCollections.java:142)
	at java.base/java.util.ImmutableCollections$AbstractImmutableMap.put(ImmutableCollections.java:1072)
	at org.springframework.jmx.export.MBeanExporter.autodetect(MBeanExporter.java:909)
	at org.springframework.jmx.export.MBeanExporter.registerBeans(MBeanExporter.java:558)
	at org.springframework.jmx.export.MBeanExporter.afterSingletonsInstantiated(MBeanExporter.java:451)
	at org.springframework.beans.factory.support.DefaultListableBeanFactory.preInstantiateSingletons(DefaultListableBeanFactory.java:986)
	at org.springframework.context.support.AbstractApplicationContext.finishBeanFactoryInitialization(AbstractApplicationContext.java:962)
	at org.springframework.context.support.AbstractApplicationContext.refresh(AbstractApplicationContext.java:624)
	at org.springframework.boot.web.servlet.context.ServletWebServerApplicationContext.refresh(ServletWebServerApplicationContext.java:146)
	at org.springframework.boot.SpringApplication.refresh(SpringApplication.java:754)
	at org.springframework.boot.SpringApplication.refreshContext(SpringApplication.java:456)
	at org.springframework.boot.SpringApplication.run(SpringApplication.java:334)
	at org.springframework.boot.SpringApplication.run(SpringApplication.java:1354)
	at org.springframework.boot.SpringApplication.run(SpringApplication.java:1343)
	at ru.mirea.Practice_22.Practice22Application.main(Practice22Application.java:10)
2024-05-23 07:04:22 - Could not detect default configuration classes for test class [ru.mirea.Practice_22.Practice22ApplicationTests]: Practice22ApplicationTests does not declare any static, non-private, non-final, nested classes annotated with @Configuration.
2024-05-23 07:04:22 - Found @SpringBootConfiguration ru.mirea.Practice_22.Practice22Application for test class ru.mirea.Practice_22.Practice22ApplicationTests
2024-05-23 07:04:22 - Starting Practice22ApplicationTests using Java 20.0.2 with PID 31640 (started by oniwi in C:\Users\oniwi\IdeaProjects\JavaTemplates\Practice_22)
2024-05-23 07:04:22 - No active profile set, falling back to 1 default profile: "default"
2024-05-23 07:04:23 - Bootstrapping Spring Data JPA repositories in DEFAULT mode.
2024-05-23 07:04:23 - Finished Spring Data repository scanning in 191 ms. Found 2 JPA repository interfaces.
2024-05-23 07:04:24 - HikariPool-1 - Starting...
2024-05-23 07:04:25 - HikariPool-1 - Added connection org.postgresql.jdbc.PgConnection@44384b4a
2024-05-23 07:04:25 - HikariPool-1 - Start completed.
2024-05-23 07:04:25 - HHH000204: Processing PersistenceUnitInfo [name: default]
2024-05-23 07:04:25 - HHH000412: Hibernate ORM core version 6.4.4.Final
2024-05-23 07:04:25 - HHH000026: Second-level cache disabled
2024-05-23 07:04:25 - No LoadTimeWeaver setup: ignoring JPA class transformer
2024-05-23 07:04:25 - HHH90000025: PostgreSQLDialect does not need to be specified explicitly using 'hibernate.dialect' (remove the property setting and it will be selected by default)
2024-05-23 07:04:26 - HHH000489: No JTA platform available (set 'hibernate.transaction.jta.platform' to enable JTA platform integration)
2024-05-23 07:04:26 - Initialized JPA EntityManagerFactory for persistence unit 'default'
2024-05-23 07:04:27 - Informational log
2024-05-23 07:04:27 - Warning log
2024-05-23 07:04:27 - Error log
2024-05-23 07:04:27 - Entering UniversityServiceImpl constructor
2024-05-23 07:04:27 - Exiting UniversityServiceImpl constructor
2024-05-23 07:04:27 - spring.jpa.open-in-view is enabled by default. Therefore, database queries may be performed during view rendering. Explicitly configure spring.jpa.open-in-view to disable this warning
2024-05-23 07:04:28 - Exception encountered during context initialization - cancelling refresh attempt: java.lang.UnsupportedOperationException
2024-05-23 07:04:28 - Closing JPA EntityManagerFactory for persistence unit 'default'
2024-05-23 07:04:28 - HikariPool-1 - Shutdown initiated...
2024-05-23 07:04:28 - HikariPool-1 - Shutdown completed.
2024-05-23 07:04:28 - 

Error starting ApplicationContext. To display the condition evaluation report re-run your application with 'debug' enabled.
2024-05-23 07:04:28 - Application run failed
java.lang.UnsupportedOperationException: null
	at java.base/java.util.ImmutableCollections.uoe(ImmutableCollections.java:142)
	at java.base/java.util.ImmutableCollections$AbstractImmutableMap.put(ImmutableCollections.java:1072)
	at org.springframework.jmx.export.MBeanExporter.autodetect(MBeanExporter.java:909)
	at org.springframework.jmx.export.MBeanExporter.registerBeans(MBeanExporter.java:558)
	at org.springframework.jmx.export.MBeanExporter.afterSingletonsInstantiated(MBeanExporter.java:451)
	at org.springframework.beans.factory.support.DefaultListableBeanFactory.preInstantiateSingletons(DefaultListableBeanFactory.java:986)
	at org.springframework.context.support.AbstractApplicationContext.finishBeanFactoryInitialization(AbstractApplicationContext.java:962)
	at org.springframework.context.support.AbstractApplicationContext.refresh(AbstractApplicationContext.java:624)
	at org.springframework.boot.SpringApplication.refresh(SpringApplication.java:754)
	at org.springframework.boot.SpringApplication.refreshContext(SpringApplication.java:456)
	at org.springframework.boot.SpringApplication.run(SpringApplication.java:334)
	at org.springframework.boot.test.context.SpringBootContextLoader.lambda$loadContext$3(SpringBootContextLoader.java:137)
	at org.springframework.util.function.ThrowingSupplier.get(ThrowingSupplier.java:58)
	at org.springframework.util.function.ThrowingSupplier.get(ThrowingSupplier.java:46)
	at org.springframework.boot.SpringApplication.withHook(SpringApplication.java:1454)
	at org.springframework.boot.test.context.SpringBootContextLoader$ContextLoaderHook.run(SpringBootContextLoader.java:553)
	at org.springframework.boot.test.context.SpringBootContextLoader.loadContext(SpringBootContextLoader.java:137)
	at org.springframework.boot.test.context.SpringBootContextLoader.loadContext(SpringBootContextLoader.java:108)
	at org.springframework.test.context.cache.DefaultCacheAwareContextLoaderDelegate.loadContextInternal(DefaultCacheAwareContextLoaderDelegate.java:225)
	at org.springframework.test.context.cache.DefaultCacheAwareContextLoaderDelegate.loadContext(DefaultCacheAwareContextLoaderDelegate.java:152)
	at org.springframework.test.context.support.DefaultTestContext.getApplicationContext(DefaultTestContext.java:130)
	at org.springframework.test.context.web.ServletTestExecutionListener.setUpRequestContextIfNecessary(ServletTestExecutionListener.java:191)
	at org.springframework.test.context.web.ServletTestExecutionListener.prepareTestInstance(ServletTestExecutionListener.java:130)
	at org.springframework.test.context.TestContextManager.prepareTestInstance(TestContextManager.java:260)
	at org.springframework.test.context.junit.jupiter.SpringExtension.postProcessTestInstance(SpringExtension.java:163)
	at org.junit.jupiter.engine.descriptor.ClassBasedTestDescriptor.lambda$invokeTestInstancePostProcessors$10(ClassBasedTestDescriptor.java:378)
	at org.junit.jupiter.engine.descriptor.ClassBasedTestDescriptor.executeAndMaskThrowable(ClassBasedTestDescriptor.java:383)
	at org.junit.jupiter.engine.descriptor.ClassBasedTestDescriptor.lambda$invokeTestInstancePostProcessors$11(ClassBasedTestDescriptor.java:378)
	at java.base/java.util.stream.ReferencePipeline$3$1.accept(ReferencePipeline.java:197)
	at java.base/java.util.stream.ReferencePipeline$2$1.accept(ReferencePipeline.java:179)
	at java.base/java.util.ArrayList$ArrayListSpliterator.forEachRemaining(ArrayList.java:1625)
	at java.base/java.util.stream.AbstractPipeline.copyInto(AbstractPipeline.java:509)
	at java.base/java.util.stream.AbstractPipeline.wrapAndCopyInto(AbstractPipeline.java:499)
	at java.base/java.util.stream.StreamSpliterators$WrappingSpliterator.forEachRemaining(StreamSpliterators.java:310)
	at java.base/java.util.stream.Streams$ConcatSpliterator.forEachRemaining(Streams.java:735)
	at java.base/java.util.stream.Streams$ConcatSpliterator.forEachRemaining(Streams.java:734)
	at java.base/java.util.stream.ReferencePipeline$Head.forEach(ReferencePipeline.java:762)
	at org.junit.jupiter.engine.descriptor.ClassBasedTestDescriptor.invokeTestInstancePostProcessors(ClassBasedTestDescriptor.java:377)
	at org.junit.jupiter.engine.descriptor.ClassBasedTestDescriptor.lambda$instantiateAndPostProcessTestInstance$6(ClassBasedTestDescriptor.java:290)
	at org.junit.platform.engine.support.hierarchical.ThrowableCollector.execute(ThrowableCollector.java:73)
	at org.junit.jupiter.engine.descriptor.ClassBasedTestDescriptor.instantiateAndPostProcessTestInstance(ClassBasedTestDescriptor.java:289)
	at org.junit.jupiter.engine.descriptor.ClassBasedTestDescriptor.lambda$testInstancesProvider$4(ClassBasedTestDescriptor.java:279)
	at java.base/java.util.Optional.orElseGet(Optional.java:364)
	at org.junit.jupiter.engine.descriptor.ClassBasedTestDescriptor.lambda$testInstancesProvider$5(ClassBasedTestDescriptor.java:278)
	at org.junit.jupiter.engine.execution.TestInstancesProvider.getTestInstances(TestInstancesProvider.java:31)
	at org.junit.jupiter.engine.descriptor.TestMethodTestDescriptor.lambda$prepare$0(TestMethodTestDescriptor.java:106)
	at org.junit.platform.engine.support.hierarchical.ThrowableCollector.execute(ThrowableCollector.java:73)
	at org.junit.jupiter.engine.descriptor.TestMethodTestDescriptor.prepare(TestMethodTestDescriptor.java:105)
	at org.junit.jupiter.engine.descriptor.TestMethodTestDescriptor.prepare(TestMethodTestDescriptor.java:69)
	at org.junit.platform.engine.support.hierarchical.NodeTestTask.lambda$prepare$2(NodeTestTask.java:123)
	at org.junit.platform.engine.support.hierarchical.ThrowableCollector.execute(ThrowableCollector.java:73)
	at org.junit.platform.engine.support.hierarchical.NodeTestTask.prepare(NodeTestTask.java:123)
	at org.junit.platform.engine.support.hierarchical.NodeTestTask.execute(NodeTestTask.java:90)
	at java.base/java.util.ArrayList.forEach(ArrayList.java:1511)
	at org.junit.platform.engine.support.hierarchical.SameThreadHierarchicalTestExecutorService.invokeAll(SameThreadHierarchicalTestExecutorService.java:41)
	at org.junit.platform.engine.support.hierarchical.NodeTestTask.lambda$executeRecursively$6(NodeTestTask.java:155)
	at org.junit.platform.engine.support.hierarchical.ThrowableCollector.execute(ThrowableCollector.java:73)
	at org.junit.platform.engine.support.hierarchical.NodeTestTask.lambda$executeRecursively$8(NodeTestTask.java:141)
	at org.junit.platform.engine.support.hierarchical.Node.around(Node.java:137)
	at org.junit.platform.engine.support.hierarchical.NodeTestTask.lambda$executeRecursively$9(NodeTestTask.java:139)
	at org.junit.platform.engine.support.hierarchical.ThrowableCollector.execute(ThrowableCollector.java:73)
	at org.junit.platform.engine.support.hierarchical.NodeTestTask.executeRecursively(NodeTestTask.java:138)
	at org.junit.platform.engine.support.hierarchical.NodeTestTask.execute(NodeTestTask.java:95)
	at java.base/java.util.ArrayList.forEach(ArrayList.java:1511)
	at org.junit.platform.engine.support.hierarchical.SameThreadHierarchicalTestExecutorService.invokeAll(SameThreadHierarchicalTestExecutorService.java:41)
	at org.junit.platform.engine.support.hierarchical.NodeTestTask.lambda$executeRecursively$6(NodeTestTask.java:155)
	at org.junit.platform.engine.support.hierarchical.ThrowableCollector.execute(ThrowableCollector.java:73)
	at org.junit.platform.engine.support.hierarchical.NodeTestTask.lambda$executeRecursively$8(NodeTestTask.java:141)
	at org.junit.platform.engine.support.hierarchical.Node.around(Node.java:137)
	at org.junit.platform.engine.support.hierarchical.NodeTestTask.lambda$executeRecursively$9(NodeTestTask.java:139)
	at org.junit.platform.engine.support.hierarchical.ThrowableCollector.execute(ThrowableCollector.java:73)
	at org.junit.platform.engine.support.hierarchical.NodeTestTask.executeRecursively(NodeTestTask.java:138)
	at org.junit.platform.engine.support.hierarchical.NodeTestTask.execute(NodeTestTask.java:95)
	at org.junit.platform.engine.support.hierarchical.SameThreadHierarchicalTestExecutorService.submit(SameThreadHierarchicalTestExecutorService.java:35)
	at org.junit.platform.engine.support.hierarchical.HierarchicalTestExecutor.execute(HierarchicalTestExecutor.java:57)
	at org.junit.platform.engine.support.hierarchical.HierarchicalTestEngine.execute(HierarchicalTestEngine.java:54)
	at org.junit.platform.launcher.core.EngineExecutionOrchestrator.execute(EngineExecutionOrchestrator.java:107)
	at org.junit.platform.launcher.core.EngineExecutionOrchestrator.execute(EngineExecutionOrchestrator.java:88)
	at org.junit.platform.launcher.core.EngineExecutionOrchestrator.lambda$execute$0(EngineExecutionOrchestrator.java:54)
	at org.junit.platform.launcher.core.EngineExecutionOrchestrator.withInterceptedStreams(EngineExecutionOrchestrator.java:67)
	at org.junit.platform.launcher.core.EngineExecutionOrchestrator.execute(EngineExecutionOrchestrator.java:52)
	at org.junit.platform.launcher.core.DefaultLauncher.execute(DefaultLauncher.java:114)
	at org.junit.platform.launcher.core.DefaultLauncher.execute(DefaultLauncher.java:86)
	at org.junit.platform.launcher.core.DefaultLauncherSession$DelegatingLauncher.execute(DefaultLauncherSession.java:86)
	at org.gradle.api.internal.tasks.testing.junitplatform.JUnitPlatformTestClassProcessor$CollectAllTestClassesExecutor.processAllTestClasses(JUnitPlatformTestClassProcessor.java:119)
	at org.gradle.api.internal.tasks.testing.junitplatform.JUnitPlatformTestClassProcessor$CollectAllTestClassesExecutor.access$000(JUnitPlatformTestClassProcessor.java:94)
	at org.gradle.api.internal.tasks.testing.junitplatform.JUnitPlatformTestClassProcessor.stop(JUnitPlatformTestClassProcessor.java:89)
	at org.gradle.api.internal.tasks.testing.SuiteTestClassProcessor.stop(SuiteTestClassProcessor.java:62)
	at java.base/jdk.internal.reflect.DirectMethodHandleAccessor.invoke(DirectMethodHandleAccessor.java:104)
	at java.base/java.lang.reflect.Method.invoke(Method.java:578)
	at org.gradle.internal.dispatch.ReflectionDispatch.dispatch(ReflectionDispatch.java:36)
	at org.gradle.internal.dispatch.ReflectionDispatch.dispatch(ReflectionDispatch.java:24)
	at org.gradle.internal.dispatch.ContextClassLoaderDispatch.dispatch(ContextClassLoaderDispatch.java:33)
	at org.gradle.internal.dispatch.ProxyDispatchAdapter$DispatchingInvocationHandler.invoke(ProxyDispatchAdapter.java:94)
	at jdk.proxy1/jdk.proxy1.$Proxy2.stop(Unknown Source)
	at org.gradle.api.internal.tasks.testing.worker.TestWorker$3.run(TestWorker.java:193)
	at org.gradle.api.internal.tasks.testing.worker.TestWorker.executeAndMaintainThreadName(TestWorker.java:129)
	at org.gradle.api.internal.tasks.testing.worker.TestWorker.execute(TestWorker.java:100)
	at org.gradle.api.internal.tasks.testing.worker.TestWorker.execute(TestWorker.java:60)
	at org.gradle.process.internal.worker.child.ActionExecutionWorker.execute(ActionExecutionWorker.java:56)
	at org.gradle.process.internal.worker.child.SystemApplicationClassLoaderWorker.call(SystemApplicationClassLoaderWorker.java:113)
	at org.gradle.process.internal.worker.child.SystemApplicationClassLoaderWorker.call(SystemApplicationClassLoaderWorker.java:65)
	at worker.org.gradle.process.internal.worker.GradleWorkerMain.run(GradleWorkerMain.java:69)
	at worker.org.gradle.process.internal.worker.GradleWorkerMain.main(GradleWorkerMain.java:74)
2024-05-23 07:04:28 - Caught exception while allowing TestExecutionListener [org.springframework.test.context.web.ServletTestExecutionListener] to prepare test instance [ru.mirea.Practice_22.Practice22ApplicationTests@3fb5809a]
java.lang.IllegalStateException: Failed to load ApplicationContext for [WebMergedContextConfiguration@3f16a823 testClass = ru.mirea.Practice_22.Practice22ApplicationTests, locations = [], classes = [ru.mirea.Practice_22.Practice22Application], contextInitializerClasses = [], activeProfiles = [], propertySourceDescriptors = [], propertySourceProperties = ["org.springframework.boot.test.context.SpringBootTestContextBootstrapper=true"], contextCustomizers = [org.springframework.boot.test.autoconfigure.actuate.observability.ObservabilityContextCustomizerFactory$DisableObservabilityContextCustomizer@1f, org.springframework.boot.test.autoconfigure.properties.PropertyMappingContextCustomizer@0, org.springframework.boot.test.autoconfigure.web.servlet.WebDriverContextCustomizer@2f7a7219, org.springframework.boot.test.context.filter.ExcludeFilterContextCustomizer@7859e786, org.springframework.boot.test.json.DuplicateJsonObjectContextCustomizerFactory$DuplicateJsonObjectContextCustomizer@15a902e7, org.springframework.boot.test.mock.mockito.MockitoContextCustomizer@0, org.springframework.boot.test.web.client.TestRestTemplateContextCustomizer@18e7143f, org.springframework.boot.test.web.reactive.server.WebTestClientContextCustomizer@8a589a2, org.springframework.boot.test.context.SpringBootTestAnnotation@7ea5b677], resourceBasePath = "src/main/webapp", contextLoader = org.springframework.boot.test.context.SpringBootContextLoader, parent = null]
	at org.springframework.test.context.cache.DefaultCacheAwareContextLoaderDelegate.loadContext(DefaultCacheAwareContextLoaderDelegate.java:180)
	at org.springframework.test.context.support.DefaultTestContext.getApplicationContext(DefaultTestContext.java:130)
	at org.springframework.test.context.web.ServletTestExecutionListener.setUpRequestContextIfNecessary(ServletTestExecutionListener.java:191)
	at org.springframework.test.context.web.ServletTestExecutionListener.prepareTestInstance(ServletTestExecutionListener.java:130)
	at org.springframework.test.context.TestContextManager.prepareTestInstance(TestContextManager.java:260)
	at org.springframework.test.context.junit.jupiter.SpringExtension.postProcessTestInstance(SpringExtension.java:163)
	at org.junit.jupiter.engine.descriptor.ClassBasedTestDescriptor.lambda$invokeTestInstancePostProcessors$10(ClassBasedTestDescriptor.java:378)
	at org.junit.jupiter.engine.descriptor.ClassBasedTestDescriptor.executeAndMaskThrowable(ClassBasedTestDescriptor.java:383)
	at org.junit.jupiter.engine.descriptor.ClassBasedTestDescriptor.lambda$invokeTestInstancePostProcessors$11(ClassBasedTestDescriptor.java:378)
	at java.base/java.util.stream.ReferencePipeline$3$1.accept(ReferencePipeline.java:197)
	at java.base/java.util.stream.ReferencePipeline$2$1.accept(ReferencePipeline.java:179)
	at java.base/java.util.ArrayList$ArrayListSpliterator.forEachRemaining(ArrayList.java:1625)
	at java.base/java.util.stream.AbstractPipeline.copyInto(AbstractPipeline.java:509)
	at java.base/java.util.stream.AbstractPipeline.wrapAndCopyInto(AbstractPipeline.java:499)
	at java.base/java.util.stream.StreamSpliterators$WrappingSpliterator.forEachRemaining(StreamSpliterators.java:310)
	at java.base/java.util.stream.Streams$ConcatSpliterator.forEachRemaining(Streams.java:735)
	at java.base/java.util.stream.Streams$ConcatSpliterator.forEachRemaining(Streams.java:734)
	at java.base/java.util.stream.ReferencePipeline$Head.forEach(ReferencePipeline.java:762)
	at org.junit.jupiter.engine.descriptor.ClassBasedTestDescriptor.invokeTestInstancePostProcessors(ClassBasedTestDescriptor.java:377)
	at org.junit.jupiter.engine.descriptor.ClassBasedTestDescriptor.lambda$instantiateAndPostProcessTestInstance$6(ClassBasedTestDescriptor.java:290)
	at org.junit.platform.engine.support.hierarchical.ThrowableCollector.execute(ThrowableCollector.java:73)
	at org.junit.jupiter.engine.descriptor.ClassBasedTestDescriptor.instantiateAndPostProcessTestInstance(ClassBasedTestDescriptor.java:289)
	at org.junit.jupiter.engine.descriptor.ClassBasedTestDescriptor.lambda$testInstancesProvider$4(ClassBasedTestDescriptor.java:279)
	at java.base/java.util.Optional.orElseGet(Optional.java:364)
	at org.junit.jupiter.engine.descriptor.ClassBasedTestDescriptor.lambda$testInstancesProvider$5(ClassBasedTestDescriptor.java:278)
	at org.junit.jupiter.engine.execution.TestInstancesProvider.getTestInstances(TestInstancesProvider.java:31)
	at org.junit.jupiter.engine.descriptor.TestMethodTestDescriptor.lambda$prepare$0(TestMethodTestDescriptor.java:106)
	at org.junit.platform.engine.support.hierarchical.ThrowableCollector.execute(ThrowableCollector.java:73)
	at org.junit.jupiter.engine.descriptor.TestMethodTestDescriptor.prepare(TestMethodTestDescriptor.java:105)
	at org.junit.jupiter.engine.descriptor.TestMethodTestDescriptor.prepare(TestMethodTestDescriptor.java:69)
	at org.junit.platform.engine.support.hierarchical.NodeTestTask.lambda$prepare$2(NodeTestTask.java:123)
	at org.junit.platform.engine.support.hierarchical.ThrowableCollector.execute(ThrowableCollector.java:73)
	at org.junit.platform.engine.support.hierarchical.NodeTestTask.prepare(NodeTestTask.java:123)
	at org.junit.platform.engine.support.hierarchical.NodeTestTask.execute(NodeTestTask.java:90)
	at java.base/java.util.ArrayList.forEach(ArrayList.java:1511)
	at org.junit.platform.engine.support.hierarchical.SameThreadHierarchicalTestExecutorService.invokeAll(SameThreadHierarchicalTestExecutorService.java:41)
	at org.junit.platform.engine.support.hierarchical.NodeTestTask.lambda$executeRecursively$6(NodeTestTask.java:155)
	at org.junit.platform.engine.support.hierarchical.ThrowableCollector.execute(ThrowableCollector.java:73)
	at org.junit.platform.engine.support.hierarchical.NodeTestTask.lambda$executeRecursively$8(NodeTestTask.java:141)
	at org.junit.platform.engine.support.hierarchical.Node.around(Node.java:137)
	at org.junit.platform.engine.support.hierarchical.NodeTestTask.lambda$executeRecursively$9(NodeTestTask.java:139)
	at org.junit.platform.engine.support.hierarchical.ThrowableCollector.execute(ThrowableCollector.java:73)
	at org.junit.platform.engine.support.hierarchical.NodeTestTask.executeRecursively(NodeTestTask.java:138)
	at org.junit.platform.engine.support.hierarchical.NodeTestTask.execute(NodeTestTask.java:95)
	at java.base/java.util.ArrayList.forEach(ArrayList.java:1511)
	at org.junit.platform.engine.support.hierarchical.SameThreadHierarchicalTestExecutorService.invokeAll(SameThreadHierarchicalTestExecutorService.java:41)
	at org.junit.platform.engine.support.hierarchical.NodeTestTask.lambda$executeRecursively$6(NodeTestTask.java:155)
	at org.junit.platform.engine.support.hierarchical.ThrowableCollector.execute(ThrowableCollector.java:73)
	at org.junit.platform.engine.support.hierarchical.NodeTestTask.lambda$executeRecursively$8(NodeTestTask.java:141)
	at org.junit.platform.engine.support.hierarchical.Node.around(Node.java:137)
	at org.junit.platform.engine.support.hierarchical.NodeTestTask.lambda$executeRecursively$9(NodeTestTask.java:139)
	at org.junit.platform.engine.support.hierarchical.ThrowableCollector.execute(ThrowableCollector.java:73)
	at org.junit.platform.engine.support.hierarchical.NodeTestTask.executeRecursively(NodeTestTask.java:138)
	at org.junit.platform.engine.support.hierarchical.NodeTestTask.execute(NodeTestTask.java:95)
	at org.junit.platform.engine.support.hierarchical.SameThreadHierarchicalTestExecutorService.submit(SameThreadHierarchicalTestExecutorService.java:35)
	at org.junit.platform.engine.support.hierarchical.HierarchicalTestExecutor.execute(HierarchicalTestExecutor.java:57)
	at org.junit.platform.engine.support.hierarchical.HierarchicalTestEngine.execute(HierarchicalTestEngine.java:54)
	at org.junit.platform.launcher.core.EngineExecutionOrchestrator.execute(EngineExecutionOrchestrator.java:107)
	at org.junit.platform.launcher.core.EngineExecutionOrchestrator.execute(EngineExecutionOrchestrator.java:88)
	at org.junit.platform.launcher.core.EngineExecutionOrchestrator.lambda$execute$0(EngineExecutionOrchestrator.java:54)
	at org.junit.platform.launcher.core.EngineExecutionOrchestrator.withInterceptedStreams(EngineExecutionOrchestrator.java:67)
	at org.junit.platform.launcher.core.EngineExecutionOrchestrator.execute(EngineExecutionOrchestrator.java:52)
	at org.junit.platform.launcher.core.DefaultLauncher.execute(DefaultLauncher.java:114)
	at org.junit.platform.launcher.core.DefaultLauncher.execute(DefaultLauncher.java:86)
	at org.junit.platform.launcher.core.DefaultLauncherSession$DelegatingLauncher.execute(DefaultLauncherSession.java:86)
	at org.gradle.api.internal.tasks.testing.junitplatform.JUnitPlatformTestClassProcessor$CollectAllTestClassesExecutor.processAllTestClasses(JUnitPlatformTestClassProcessor.java:119)
	at org.gradle.api.internal.tasks.testing.junitplatform.JUnitPlatformTestClassProcessor$CollectAllTestClassesExecutor.access$000(JUnitPlatformTestClassProcessor.java:94)
	at org.gradle.api.internal.tasks.testing.junitplatform.JUnitPlatformTestClassProcessor.stop(JUnitPlatformTestClassProcessor.java:89)
	at org.gradle.api.internal.tasks.testing.SuiteTestClassProcessor.stop(SuiteTestClassProcessor.java:62)
	at java.base/jdk.internal.reflect.DirectMethodHandleAccessor.invoke(DirectMethodHandleAccessor.java:104)
	at java.base/java.lang.reflect.Method.invoke(Method.java:578)
	at org.gradle.internal.dispatch.ReflectionDispatch.dispatch(ReflectionDispatch.java:36)
	at org.gradle.internal.dispatch.ReflectionDispatch.dispatch(ReflectionDispatch.java:24)
	at org.gradle.internal.dispatch.ContextClassLoaderDispatch.dispatch(ContextClassLoaderDispatch.java:33)
	at org.gradle.internal.dispatch.ProxyDispatchAdapter$DispatchingInvocationHandler.invoke(ProxyDispatchAdapter.java:94)
	at jdk.proxy1/jdk.proxy1.$Proxy2.stop(Unknown Source)
	at org.gradle.api.internal.tasks.testing.worker.TestWorker$3.run(TestWorker.java:193)
	at org.gradle.api.internal.tasks.testing.worker.TestWorker.executeAndMaintainThreadName(TestWorker.java:129)
	at org.gradle.api.internal.tasks.testing.worker.TestWorker.execute(TestWorker.java:100)
	at org.gradle.api.internal.tasks.testing.worker.TestWorker.execute(TestWorker.java:60)
	at org.gradle.process.internal.worker.child.ActionExecutionWorker.execute(ActionExecutionWorker.java:56)
	at org.gradle.process.internal.worker.child.SystemApplicationClassLoaderWorker.call(SystemApplicationClassLoaderWorker.java:113)
	at org.gradle.process.internal.worker.child.SystemApplicationClassLoaderWorker.call(SystemApplicationClassLoaderWorker.java:65)
	at worker.org.gradle.process.internal.worker.GradleWorkerMain.run(GradleWorkerMain.java:69)
	at worker.org.gradle.process.internal.worker.GradleWorkerMain.main(GradleWorkerMain.java:74)
Caused by: java.lang.UnsupportedOperationException: null
	at java.base/java.util.ImmutableCollections.uoe(ImmutableCollections.java:142)
	at java.base/java.util.ImmutableCollections$AbstractImmutableMap.put(ImmutableCollections.java:1072)
	at org.springframework.jmx.export.MBeanExporter.autodetect(MBeanExporter.java:909)
	at org.springframework.jmx.export.MBeanExporter.registerBeans(MBeanExporter.java:558)
	at org.springframework.jmx.export.MBeanExporter.afterSingletonsInstantiated(MBeanExporter.java:451)
	at org.springframework.beans.factory.support.DefaultListableBeanFactory.preInstantiateSingletons(DefaultListableBeanFactory.java:986)
	at org.springframework.context.support.AbstractApplicationContext.finishBeanFactoryInitialization(AbstractApplicationContext.java:962)
	at org.springframework.context.support.AbstractApplicationContext.refresh(AbstractApplicationContext.java:624)
	at org.springframework.boot.SpringApplication.refresh(SpringApplication.java:754)
	at org.springframework.boot.SpringApplication.refreshContext(SpringApplication.java:456)
	at org.springframework.boot.SpringApplication.run(SpringApplication.java:334)
	at org.springframework.boot.test.context.SpringBootContextLoader.lambda$loadContext$3(SpringBootContextLoader.java:137)
	at org.springframework.util.function.ThrowingSupplier.get(ThrowingSupplier.java:58)
	at org.springframework.util.function.ThrowingSupplier.get(ThrowingSupplier.java:46)
	at org.springframework.boot.SpringApplication.withHook(SpringApplication.java:1454)
	at org.springframework.boot.test.context.SpringBootContextLoader$ContextLoaderHook.run(SpringBootContextLoader.java:553)
	at org.springframework.boot.test.context.SpringBootContextLoader.loadContext(SpringBootContextLoader.java:137)
	at org.springframework.boot.test.context.SpringBootContextLoader.loadContext(SpringBootContextLoader.java:108)
	at org.springframework.test.context.cache.DefaultCacheAwareContextLoaderDelegate.loadContextInternal(DefaultCacheAwareContextLoaderDelegate.java:225)
	at org.springframework.test.context.cache.DefaultCacheAwareContextLoaderDelegate.loadContext(DefaultCacheAwareContextLoaderDelegate.java:152)
	... 84 common frames omitted
2024-05-23 07:07:20 - Starting Practice22Application using Java 20.0.2 with PID 2216 (C:\Users\oniwi\IdeaProjects\JavaTemplates\Practice_22\build\classes\java\main started by oniwi in C:\Users\oniwi\IdeaProjects\JavaTemplates\Practice_22)
2024-05-23 07:07:20 - No active profile set, falling back to 1 default profile: "default"
2024-05-23 07:07:21 - Bootstrapping Spring Data JPA repositories in DEFAULT mode.
2024-05-23 07:07:21 - Finished Spring Data repository scanning in 145 ms. Found 2 JPA repository interfaces.
2024-05-23 07:07:21 - Tomcat initialized with port 8080 (http)
2024-05-23 07:07:21 - Starting service [Tomcat]
2024-05-23 07:07:21 - Starting Servlet engine: [Apache Tomcat/10.1.20]
2024-05-23 07:07:21 - Initializing Spring embedded WebApplicationContext
2024-05-23 07:07:21 - Root WebApplicationContext: initialization completed in 1452 ms
2024-05-23 07:07:22 - HikariPool-1 - Starting...
2024-05-23 07:07:22 - HikariPool-1 - Added connection org.postgresql.jdbc.PgConnection@6d969330
2024-05-23 07:07:22 - HikariPool-1 - Start completed.
2024-05-23 07:07:22 - HHH000204: Processing PersistenceUnitInfo [name: default]
2024-05-23 07:07:22 - HHH000412: Hibernate ORM core version 6.4.4.Final
2024-05-23 07:07:22 - HHH000026: Second-level cache disabled
2024-05-23 07:07:22 - No LoadTimeWeaver setup: ignoring JPA class transformer
2024-05-23 07:07:22 - HHH90000025: PostgreSQLDialect does not need to be specified explicitly using 'hibernate.dialect' (remove the property setting and it will be selected by default)
2024-05-23 07:07:23 - HHH000489: No JTA platform available (set 'hibernate.transaction.jta.platform' to enable JTA platform integration)
2024-05-23 07:07:23 - Initialized JPA EntityManagerFactory for persistence unit 'default'
2024-05-23 07:07:23 - Informational log
2024-05-23 07:07:23 - Warning log
2024-05-23 07:07:23 - Error log
2024-05-23 07:07:23 - Entering UniversityServiceImpl constructor
2024-05-23 07:07:23 - Exiting UniversityServiceImpl constructor
2024-05-23 07:07:23 - spring.jpa.open-in-view is enabled by default. Therefore, database queries may be performed during view rendering. Explicitly configure spring.jpa.open-in-view to disable this warning
2024-05-23 07:07:24 - Tomcat started on port 8080 (http) with context path ''
2024-05-23 07:07:24 - Started Practice22Application in 4.37 seconds (process running for 5.131)
2024-05-23 07:08:50 - Could not detect default configuration classes for test class [ru.mirea.Practice_22.Practice22ApplicationTests]: Practice22ApplicationTests does not declare any static, non-private, non-final, nested classes annotated with @Configuration.
2024-05-23 07:08:51 - Found @SpringBootConfiguration ru.mirea.Practice_22.Practice22Application for test class ru.mirea.Practice_22.Practice22ApplicationTests
2024-05-23 07:08:51 - Starting Practice22ApplicationTests using Java 20.0.2 with PID 21524 (started by oniwi in C:\Users\oniwi\IdeaProjects\JavaTemplates\Practice_22)
2024-05-23 07:08:51 - No active profile set, falling back to 1 default profile: "default"
2024-05-23 07:08:52 - Bootstrapping Spring Data JPA repositories in DEFAULT mode.
2024-05-23 07:08:52 - Finished Spring Data repository scanning in 152 ms. Found 2 JPA repository interfaces.
2024-05-23 07:08:53 - HikariPool-1 - Starting...
2024-05-23 07:08:53 - HikariPool-1 - Added connection org.postgresql.jdbc.PgConnection@3b8507df
2024-05-23 07:08:53 - HikariPool-1 - Start completed.
2024-05-23 07:08:53 - HHH000204: Processing PersistenceUnitInfo [name: default]
2024-05-23 07:08:53 - HHH000412: Hibernate ORM core version 6.4.4.Final
2024-05-23 07:08:53 - HHH000026: Second-level cache disabled
2024-05-23 07:08:54 - No LoadTimeWeaver setup: ignoring JPA class transformer
2024-05-23 07:08:54 - HHH90000025: PostgreSQLDialect does not need to be specified explicitly using 'hibernate.dialect' (remove the property setting and it will be selected by default)
2024-05-23 07:08:55 - HHH000489: No JTA platform available (set 'hibernate.transaction.jta.platform' to enable JTA platform integration)
2024-05-23 07:08:55 - Initialized JPA EntityManagerFactory for persistence unit 'default'
2024-05-23 07:08:55 - Informational log
2024-05-23 07:08:55 - Warning log
2024-05-23 07:08:55 - Error log
2024-05-23 07:08:55 - Entering UniversityServiceImpl constructor
2024-05-23 07:08:55 - Exiting UniversityServiceImpl constructor
2024-05-23 07:08:56 - spring.jpa.open-in-view is enabled by default. Therefore, database queries may be performed during view rendering. Explicitly configure spring.jpa.open-in-view to disable this warning
2024-05-23 07:08:56 - Started Practice22ApplicationTests in 5.687 seconds (process running for 7.336)
2024-05-23 07:08:57 - Closing JPA EntityManagerFactory for persistence unit 'default'
2024-05-23 07:08:57 - HikariPool-1 - Shutdown initiated...
2024-05-23 07:08:57 - HikariPool-1 - Shutdown completed.
2024-05-23 07:09:17 - Starting Practice22Application using Java 20.0.2 with PID 29764 (C:\Users\oniwi\IdeaProjects\JavaTemplates\Practice_22\build\classes\java\main started by oniwi in C:\Users\oniwi\IdeaProjects\JavaTemplates\Practice_22)
2024-05-23 07:09:17 - No active profile set, falling back to 1 default profile: "default"
2024-05-23 07:09:18 - Bootstrapping Spring Data JPA repositories in DEFAULT mode.
2024-05-23 07:09:18 - Finished Spring Data repository scanning in 134 ms. Found 2 JPA repository interfaces.
2024-05-23 07:09:19 - Tomcat initialized with port 8080 (http)
2024-05-23 07:09:19 - Starting service [Tomcat]
2024-05-23 07:09:19 - Starting Servlet engine: [Apache Tomcat/10.1.20]
2024-05-23 07:09:19 - Initializing Spring embedded WebApplicationContext
2024-05-23 07:09:19 - Root WebApplicationContext: initialization completed in 1517 ms
2024-05-23 07:09:19 - HikariPool-1 - Starting...
2024-05-23 07:09:19 - HikariPool-1 - Added connection org.postgresql.jdbc.PgConnection@703e8050
2024-05-23 07:09:19 - HikariPool-1 - Start completed.
2024-05-23 07:09:19 - HHH000204: Processing PersistenceUnitInfo [name: default]
2024-05-23 07:09:19 - HHH000412: Hibernate ORM core version 6.4.4.Final
2024-05-23 07:09:19 - HHH000026: Second-level cache disabled
2024-05-23 07:09:20 - No LoadTimeWeaver setup: ignoring JPA class transformer
2024-05-23 07:09:20 - HHH90000025: PostgreSQLDialect does not need to be specified explicitly using 'hibernate.dialect' (remove the property setting and it will be selected by default)
2024-05-23 07:09:21 - HHH000489: No JTA platform available (set 'hibernate.transaction.jta.platform' to enable JTA platform integration)
2024-05-23 07:09:21 - Initialized JPA EntityManagerFactory for persistence unit 'default'
2024-05-23 07:09:21 - Informational log
2024-05-23 07:09:21 - Warning log
2024-05-23 07:09:21 - Error log
2024-05-23 07:09:21 - Entering UniversityServiceImpl constructor
2024-05-23 07:09:21 - Exiting UniversityServiceImpl constructor
2024-05-23 07:09:21 - spring.jpa.open-in-view is enabled by default. Therefore, database queries may be performed during view rendering. Explicitly configure spring.jpa.open-in-view to disable this warning
2024-05-23 07:09:22 - Tomcat started on port 8080 (http) with context path ''
2024-05-23 07:09:22 - Started Practice22Application in 4.486 seconds (process running for 5.056)
